<?xml version="1.0" encoding="UTF-8"?>
<testsuite xmlns:xsi="http://www.w3.org/2001/XMLSchema-instance" xsi:noNamespaceSchemaLocation="https://maven.apache.org/surefire/maven-surefire-plugin/xsd/surefire-test-report.xsd" name="com.avantica.examples.Log4jDemo.JUnit5ExampleTest" time="0.012" tests="3" errors="0" skipped="0" failures="0">
  <properties>
[...]
</properties>
  <testcase name="justAnExample2" classname="com.avantica.examples.Log4jDemo.JUnit5ExampleTest" time="0.005"/>
  <testcase name="justAnExample3" classname="com.avantica.examples.Log4jDemo.JUnit5ExampleTest" time="0.001"/>
  <testcase name="justAnExample" classname="com.avantica.examples.Log4jDemo.JUnit5ExampleTest" time="0"/>
</testsuite>